<?xml version="1.0" encoding="UTF-8"?>
<testng-results skipped="0" failed="0" ignored="0" total="1" passed="1">
  <reporter-output>
  </reporter-output>
  <suite name="Suite" duration-ms="31368" started-at="2018-06-01T04:31:53Z" finished-at="2018-06-01T04:32:25Z">
    <groups>
    </groups>
    <test name="Test" duration-ms="31368" started-at="2018-06-01T04:31:53Z" finished-at="2018-06-01T04:32:25Z">
      <class name="com.automation.Ecommerce.TC001_Login">
        <test-method status="PASS" signature="startprocess(java.lang.String)[pri:0, instance:com.automation.Ecommerce.TC001_Login@e048a]" name="startprocess" is-config="true" duration-ms="22500" started-at="2018-06-01T04:31:53Z" finished-at="2018-06-01T04:32:16Z">
          <params>
            <param index="0">
              <value>
                <![CDATA[chrome]]>
              </value>
            </param>
          </params>
          <reporter-output>
          </reporter-output>
        </test-method> <!-- startprocess -->
        <test-method status="PASS" signature="login()[pri:0, instance:com.automation.Ecommerce.TC001_Login@e048a]" name="login" duration-ms="8832" started-at="2018-06-01T04:32:16Z" finished-at="2018-06-01T04:32:25Z">
          <reporter-output>
          </reporter-output>
        </test-method> <!-- login -->
        <test-method status="PASS" signature="endprocess()[pri:0, instance:com.automation.Ecommerce.TC001_Login@e048a]" name="endprocess" is-config="true" duration-ms="1" started-at="2018-06-01T04:32:25Z" finished-at="2018-06-01T04:32:25Z">
          <reporter-output>
          </reporter-output>
        </test-method> <!-- endprocess -->
      </class> <!-- com.automation.Ecommerce.TC001_Login -->
    </test> <!-- Test -->
  </suite> <!-- Suite -->
</testng-results>
